<?xml version="1.0" encoding="UTF-8"?>
<!-- Generated by org.testng.reporters.JUnitReportReporter -->
<testsuite hostname="DESKTOP-L1K2MOP" failures="0" tests="1" name="com.app.testBase.TestBase" time="47.859" errors="0" timestamp="2023-01-23T22:52:09 IST" skipped="0">
  <testcase classname="com.app.testBase.TestBase" name="launch" time="47.859"/>
  <system-out/>
</testsuite> <!-- com.app.testBase.TestBase -->
