<?xml version="1.0" encoding="UTF-8"?>
<!-- Generated by org.testng.reporters.JUnitReportReporter -->
<testsuite hostname="DESKTOP-L1K2MOP" failures="0" tests="1" name="com.app.testLayer.HomePageTest" time="3.435" errors="0" timestamp="2023-01-25T19:35:46 IST" skipped="0">
  <testcase classname="com.app.testLayer.HomePageTest" name="verifyLoginTest" time="3.435"/>
  <system-out/>
</testsuite> <!-- com.app.testLayer.HomePageTest -->
