<?xml version="1.0" encoding="UTF-8"?>
<!-- Generated by org.testng.reporters.JUnitReportReporter -->
<testsuite hostname="DESKTOP-L1K2MOP" failures="0" tests="1" name="com.app.testLayer.LoginPageTest" time="16.892" errors="0" timestamp="2023-01-27T20:45:46 IST" skipped="0">
  <testcase classname="com.app.testLayer.LoginPageTest" name="vefiryLoginFunctionality" time="16.892"/>
  <system-out/>
</testsuite> <!-- com.app.testLayer.LoginPageTest -->
